11:47:59: Creating resource group General
11:47:59: Creating resource group Internal
11:47:59: Creating resource group Autodetect
11:47:59: SceneManagerFactory for type 'DefaultSceneManager' registered.
11:47:59: Registering ResourceManager for type Material
11:47:59: Registering ResourceManager for type Mesh
11:47:59: Registering ResourceManager for type Skeleton
11:47:59: MovableObjectFactory for type 'ParticleSystem' registered.
11:47:59: OverlayElementFactory for type Panel registered.
11:47:59: OverlayElementFactory for type BorderPanel registered.
11:47:59: OverlayElementFactory for type TextArea registered.
11:47:59: Registering ResourceManager for type Font
11:47:59: ArchiveFactory for archive type FileSystem registered.
11:47:59: ArchiveFactory for archive type Zip registered.
11:47:59: DDS codec registering
11:47:59: FreeImage version: 3.13.1
11:47:59: This program uses FreeImage, a free, open source image library supporting all common bitmap formats. See http://freeimage.sourceforge.net for details
11:47:59: Supported formats: bmp,ico,jpg,jif,jpeg,jpe,jng,koa,iff,lbm,mng,pbm,pbm,pcd,pcx,pgm,pgm,png,ppm,ppm,ras,tga,targa,tif,tiff,wap,wbmp,wbm,psd,cut,xbm,xpm,gif,hdr,g3,sgi,exr,j2k,j2c,jp2,pfm,pct,pict,pic,bay,bmq,cr2,crw,cs1,dc2,dcr,dng,erf,fff,hdr,k25,kdc,mdc,mos,mrw,nef,orf,pef,pxn,raf,raw,rdc,sr2,srf,arw,3fr,cine,ia,kc2,mef,nrw,qtk,rw2,sti,drf,dsc,ptx,cap,iiq,rwz
11:47:59: Registering ResourceManager for type HighLevelGpuProgram
11:47:59: Registering ResourceManager for type Compositor
11:47:59: MovableObjectFactory for type 'Entity' registered.
11:47:59: MovableObjectFactory for type 'Light' registered.
11:47:59: MovableObjectFactory for type 'BillboardSet' registered.
11:47:59: MovableObjectFactory for type 'ManualObject' registered.
11:47:59: MovableObjectFactory for type 'BillboardChain' registered.
11:47:59: MovableObjectFactory for type 'RibbonTrail' registered.
11:47:59: OGRE EXCEPTION(6:FileNotFoundException): 'plugins.cfg' file not found! in ConfigFile::load at ..\..\..\..\OgreMain\src\OgreConfigFile.cpp (line 83)
11:47:59: plugins.cfg not found, automatic plugin loading disabled.
11:47:59: *-*-* OGRE Initialising
11:47:59: *-*-* Version 1.7.1 (Cthugha)
11:47:59: OGRE EXCEPTION(6:FileNotFoundException): 'resources.cfg' file not found! in ConfigFile::load at ..\..\..\..\OgreMain\src\OgreConfigFile.cpp (line 83)
