C:\DOKUMENTE UND EINSTELLUNGEN\SUPERUSER\EIGENE DATEIEN\SAMPLECODE\GLOVE DEMO\5DTGLOVEDEMO\RELEASE\5DT.RES
C:\DOKUMENTE UND EINSTELLUNGEN\SUPERUSER\EIGENE DATEIEN\SAMPLECODE\GLOVE DEMO\5DTGLOVEDEMO\RELEASE\5DTGLOVEDEMO.EXE.INTERMEDIATE.MANIFEST
C:\DOKUMENTE UND EINSTELLUNGEN\SUPERUSER\EIGENE DATEIEN\SAMPLECODE\GLOVE DEMO\5DTGLOVEDEMO\RELEASE\BASEAPPLICATION.OBJ
C:\Dokumente und Einstellungen\superuser\Eigene Dateien\Samplecode\Glove Demo\5DTGloveDemo\Release\cl.command.1.tlog
C:\Dokumente und Einstellungen\superuser\Eigene Dateien\Samplecode\Glove Demo\5DTGloveDemo\Release\CL.read.1.tlog
C:\Dokumente und Einstellungen\superuser\Eigene Dateien\Samplecode\Glove Demo\5DTGloveDemo\Release\CL.write.1.tlog
C:\Dokumente und Einstellungen\superuser\Eigene Dateien\Samplecode\Glove Demo\5DTGloveDemo\Release\link.1024.read.1.tlog
C:\Dokumente und Einstellungen\superuser\Eigene Dateien\Samplecode\Glove Demo\5DTGloveDemo\Release\link.1024.write.1.tlog
C:\Dokumente und Einstellungen\superuser\Eigene Dateien\Samplecode\Glove Demo\5DTGloveDemo\Release\link.1024-cvtres.read.1.tlog
C:\Dokumente und Einstellungen\superuser\Eigene Dateien\Samplecode\Glove Demo\5DTGloveDemo\Release\link.1024-cvtres.write.1.tlog
C:\Dokumente und Einstellungen\superuser\Eigene Dateien\Samplecode\Glove Demo\5DTGloveDemo\Release\link.10528.read.1.tlog
C:\Dokumente und Einstellungen\superuser\Eigene Dateien\Samplecode\Glove Demo\5DTGloveDemo\Release\link.10528.write.1.tlog
C:\Dokumente und Einstellungen\superuser\Eigene Dateien\Samplecode\Glove Demo\5DTGloveDemo\Release\link.10528-cvtres.read.1.tlog
C:\Dokumente und Einstellungen\superuser\Eigene Dateien\Samplecode\Glove Demo\5DTGloveDemo\Release\link.10528-cvtres.write.1.tlog
C:\Dokumente und Einstellungen\superuser\Eigene Dateien\Samplecode\Glove Demo\5DTGloveDemo\Release\link.1076.read.1.tlog
C:\Dokumente und Einstellungen\superuser\Eigene Dateien\Samplecode\Glove Demo\5DTGloveDemo\Release\link.1076.write.1.tlog
C:\Dokumente und Einstellungen\superuser\Eigene Dateien\Samplecode\Glove Demo\5DTGloveDemo\Release\link.1076-cvtres.read.1.tlog
C:\Dokumente und Einstellungen\superuser\Eigene Dateien\Samplecode\Glove Demo\5DTGloveDemo\Release\link.1076-cvtres.write.1.tlog
C:\Dokumente und Einstellungen\superuser\Eigene Dateien\Samplecode\Glove Demo\5DTGloveDemo\Release\link.1408.read.1.tlog
C:\Dokumente und Einstellungen\superuser\Eigene Dateien\Samplecode\Glove Demo\5DTGloveDemo\Release\link.1408.write.1.tlog
C:\Dokumente und Einstellungen\superuser\Eigene Dateien\Samplecode\Glove Demo\5DTGloveDemo\Release\link.1408-cvtres.read.1.tlog
C:\Dokumente und Einstellungen\superuser\Eigene Dateien\Samplecode\Glove Demo\5DTGloveDemo\Release\link.1408-cvtres.write.1.tlog
C:\Dokumente und Einstellungen\superuser\Eigene Dateien\Samplecode\Glove Demo\5DTGloveDemo\Release\link.1536.read.1.tlog
C:\Dokumente und Einstellungen\superuser\Eigene Dateien\Samplecode\Glove Demo\5DTGloveDemo\Release\link.1536.write.1.tlog
C:\Dokumente und Einstellungen\superuser\Eigene Dateien\Samplecode\Glove Demo\5DTGloveDemo\Release\link.1536-cvtres.read.1.tlog
C:\Dokumente und Einstellungen\superuser\Eigene Dateien\Samplecode\Glove Demo\5DTGloveDemo\Release\link.1536-cvtres.write.1.tlog
C:\Dokumente und Einstellungen\superuser\Eigene Dateien\Samplecode\Glove Demo\5DTGloveDemo\Release\link.160.read.1.tlog
C:\Dokumente und Einstellungen\superuser\Eigene Dateien\Samplecode\Glove Demo\5DTGloveDemo\Release\link.160.write.1.tlog
C:\Dokumente und Einstellungen\superuser\Eigene Dateien\Samplecode\Glove Demo\5DTGloveDemo\Release\link.160-cvtres.read.1.tlog
C:\Dokumente und Einstellungen\superuser\Eigene Dateien\Samplecode\Glove Demo\5DTGloveDemo\Release\link.160-cvtres.write.1.tlog
C:\Dokumente und Einstellungen\superuser\Eigene Dateien\Samplecode\Glove Demo\5DTGloveDemo\Release\link.1628.read.1.tlog
C:\Dokumente und Einstellungen\superuser\Eigene Dateien\Samplecode\Glove Demo\5DTGloveDemo\Release\link.1628.write.1.tlog
C:\Dokumente und Einstellungen\superuser\Eigene Dateien\Samplecode\Glove Demo\5DTGloveDemo\Release\link.1628-cvtres.read.1.tlog
C:\Dokumente und Einstellungen\superuser\Eigene Dateien\Samplecode\Glove Demo\5DTGloveDemo\Release\link.1628-cvtres.write.1.tlog
C:\Dokumente und Einstellungen\superuser\Eigene Dateien\Samplecode\Glove Demo\5DTGloveDemo\Release\link.1656.read.1.tlog
C:\Dokumente und Einstellungen\superuser\Eigene Dateien\Samplecode\Glove Demo\5DTGloveDemo\Release\link.1656.write.1.tlog
C:\Dokumente und Einstellungen\superuser\Eigene Dateien\Samplecode\Glove Demo\5DTGloveDemo\Release\link.1656-cvtres.read.1.tlog
C:\Dokumente und Einstellungen\superuser\Eigene Dateien\Samplecode\Glove Demo\5DTGloveDemo\Release\link.1656-cvtres.write.1.tlog
C:\Dokumente und Einstellungen\superuser\Eigene Dateien\Samplecode\Glove Demo\5DTGloveDemo\Release\link.1696.read.1.tlog
C:\Dokumente und Einstellungen\superuser\Eigene Dateien\Samplecode\Glove Demo\5DTGloveDemo\Release\link.1696.write.1.tlog
C:\Dokumente und Einstellungen\superuser\Eigene Dateien\Samplecode\Glove Demo\5DTGloveDemo\Release\link.1696-cvtres.read.1.tlog
C:\Dokumente und Einstellungen\superuser\Eigene Dateien\Samplecode\Glove Demo\5DTGloveDemo\Release\link.1696-cvtres.write.1.tlog
C:\Dokumente und Einstellungen\superuser\Eigene Dateien\Samplecode\Glove Demo\5DTGloveDemo\Release\link.1720.read.1.tlog
C:\Dokumente und Einstellungen\superuser\Eigene Dateien\Samplecode\Glove Demo\5DTGloveDemo\Release\link.1720.write.1.tlog
C:\Dokumente und Einstellungen\superuser\Eigene Dateien\Samplecode\Glove Demo\5DTGloveDemo\Release\link.1720-cvtres.read.1.tlog
C:\Dokumente und Einstellungen\superuser\Eigene Dateien\Samplecode\Glove Demo\5DTGloveDemo\Release\link.1720-cvtres.write.1.tlog
C:\Dokumente und Einstellungen\superuser\Eigene Dateien\Samplecode\Glove Demo\5DTGloveDemo\Release\link.176.read.1.tlog
C:\Dokumente und Einstellungen\superuser\Eigene Dateien\Samplecode\Glove Demo\5DTGloveDemo\Release\link.176.write.1.tlog
C:\Dokumente und Einstellungen\superuser\Eigene Dateien\Samplecode\Glove Demo\5DTGloveDemo\Release\link.176-cvtres.read.1.tlog
C:\Dokumente und Einstellungen\superuser\Eigene Dateien\Samplecode\Glove Demo\5DTGloveDemo\Release\link.176-cvtres.write.1.tlog
C:\Dokumente und Einstellungen\superuser\Eigene Dateien\Samplecode\Glove Demo\5DTGloveDemo\Release\link.1776.read.1.tlog
C:\Dokumente und Einstellungen\superuser\Eigene Dateien\Samplecode\Glove Demo\5DTGloveDemo\Release\link.1776.write.1.tlog
C:\Dokumente und Einstellungen\superuser\Eigene Dateien\Samplecode\Glove Demo\5DTGloveDemo\Release\link.1776-cvtres.read.1.tlog
C:\Dokumente und Einstellungen\superuser\Eigene Dateien\Samplecode\Glove Demo\5DTGloveDemo\Release\link.1776-cvtres.write.1.tlog
C:\Dokumente und Einstellungen\superuser\Eigene Dateien\Samplecode\Glove Demo\5DTGloveDemo\Release\link.1784.read.1.tlog
C:\Dokumente und Einstellungen\superuser\Eigene Dateien\Samplecode\Glove Demo\5DTGloveDemo\Release\link.1784.write.1.tlog
C:\Dokumente und Einstellungen\superuser\Eigene Dateien\Samplecode\Glove Demo\5DTGloveDemo\Release\link.1896.read.1.tlog
C:\Dokumente und Einstellungen\superuser\Eigene Dateien\Samplecode\Glove Demo\5DTGloveDemo\Release\link.1896.write.1.tlog
C:\Dokumente und Einstellungen\superuser\Eigene Dateien\Samplecode\Glove Demo\5DTGloveDemo\Release\link.1896-cvtres.read.1.tlog
C:\Dokumente und Einstellungen\superuser\Eigene Dateien\Samplecode\Glove Demo\5DTGloveDemo\Release\link.1896-cvtres.write.1.tlog
C:\Dokumente und Einstellungen\superuser\Eigene Dateien\Samplecode\Glove Demo\5DTGloveDemo\Release\link.204.read.1.tlog
C:\Dokumente und Einstellungen\superuser\Eigene Dateien\Samplecode\Glove Demo\5DTGloveDemo\Release\link.204.write.1.tlog
C:\Dokumente und Einstellungen\superuser\Eigene Dateien\Samplecode\Glove Demo\5DTGloveDemo\Release\link.2040.read.1.tlog
C:\Dokumente und Einstellungen\superuser\Eigene Dateien\Samplecode\Glove Demo\5DTGloveDemo\Release\link.2040.write.1.tlog
C:\Dokumente und Einstellungen\superuser\Eigene Dateien\Samplecode\Glove Demo\5DTGloveDemo\Release\link.2040-cvtres.read.1.tlog
C:\Dokumente und Einstellungen\superuser\Eigene Dateien\Samplecode\Glove Demo\5DTGloveDemo\Release\link.2040-cvtres.write.1.tlog
C:\Dokumente und Einstellungen\superuser\Eigene Dateien\Samplecode\Glove Demo\5DTGloveDemo\Release\link.204-cvtres.read.1.tlog
C:\Dokumente und Einstellungen\superuser\Eigene Dateien\Samplecode\Glove Demo\5DTGloveDemo\Release\link.204-cvtres.write.1.tlog
C:\Dokumente und Einstellungen\superuser\Eigene Dateien\Samplecode\Glove Demo\5DTGloveDemo\Release\link.2068.read.1.tlog
C:\Dokumente und Einstellungen\superuser\Eigene Dateien\Samplecode\Glove Demo\5DTGloveDemo\Release\link.2068.write.1.tlog
C:\Dokumente und Einstellungen\superuser\Eigene Dateien\Samplecode\Glove Demo\5DTGloveDemo\Release\link.2068-cvtres.read.1.tlog
C:\Dokumente und Einstellungen\superuser\Eigene Dateien\Samplecode\Glove Demo\5DTGloveDemo\Release\link.2068-cvtres.write.1.tlog
C:\Dokumente und Einstellungen\superuser\Eigene Dateien\Samplecode\Glove Demo\5DTGloveDemo\Release\link.208.read.1.tlog
C:\Dokumente und Einstellungen\superuser\Eigene Dateien\Samplecode\Glove Demo\5DTGloveDemo\Release\link.208.write.1.tlog
C:\Dokumente und Einstellungen\superuser\Eigene Dateien\Samplecode\Glove Demo\5DTGloveDemo\Release\link.2080.read.1.tlog
C:\Dokumente und Einstellungen\superuser\Eigene Dateien\Samplecode\Glove Demo\5DTGloveDemo\Release\link.2080.write.1.tlog
C:\Dokumente und Einstellungen\superuser\Eigene Dateien\Samplecode\Glove Demo\5DTGloveDemo\Release\link.2080-cvtres.read.1.tlog
C:\Dokumente und Einstellungen\superuser\Eigene Dateien\Samplecode\Glove Demo\5DTGloveDemo\Release\link.2080-cvtres.write.1.tlog
C:\Dokumente und Einstellungen\superuser\Eigene Dateien\Samplecode\Glove Demo\5DTGloveDemo\Release\link.208-cvtres.read.1.tlog
C:\Dokumente und Einstellungen\superuser\Eigene Dateien\Samplecode\Glove Demo\5DTGloveDemo\Release\link.208-cvtres.write.1.tlog
C:\Dokumente und Einstellungen\superuser\Eigene Dateien\Samplecode\Glove Demo\5DTGloveDemo\Release\link.2372.read.1.tlog
C:\Dokumente und Einstellungen\superuser\Eigene Dateien\Samplecode\Glove Demo\5DTGloveDemo\Release\link.2372.write.1.tlog
C:\Dokumente und Einstellungen\superuser\Eigene Dateien\Samplecode\Glove Demo\5DTGloveDemo\Release\link.2372-cvtres.read.1.tlog
C:\Dokumente und Einstellungen\superuser\Eigene Dateien\Samplecode\Glove Demo\5DTGloveDemo\Release\link.2372-cvtres.write.1.tlog
C:\Dokumente und Einstellungen\superuser\Eigene Dateien\Samplecode\Glove Demo\5DTGloveDemo\Release\link.2448.read.1.tlog
C:\Dokumente und Einstellungen\superuser\Eigene Dateien\Samplecode\Glove Demo\5DTGloveDemo\Release\link.2448.write.1.tlog
C:\Dokumente und Einstellungen\superuser\Eigene Dateien\Samplecode\Glove Demo\5DTGloveDemo\Release\link.2448-cvtres.read.1.tlog
C:\Dokumente und Einstellungen\superuser\Eigene Dateien\Samplecode\Glove Demo\5DTGloveDemo\Release\link.2448-cvtres.write.1.tlog
C:\Dokumente und Einstellungen\superuser\Eigene Dateien\Samplecode\Glove Demo\5DTGloveDemo\Release\link.2464.read.1.tlog
C:\Dokumente und Einstellungen\superuser\Eigene Dateien\Samplecode\Glove Demo\5DTGloveDemo\Release\link.2464.write.1.tlog
C:\Dokumente und Einstellungen\superuser\Eigene Dateien\Samplecode\Glove Demo\5DTGloveDemo\Release\link.2464-cvtres.read.1.tlog
C:\Dokumente und Einstellungen\superuser\Eigene Dateien\Samplecode\Glove Demo\5DTGloveDemo\Release\link.2464-cvtres.write.1.tlog
C:\Dokumente und Einstellungen\superuser\Eigene Dateien\Samplecode\Glove Demo\5DTGloveDemo\Release\link.2476.read.1.tlog
C:\Dokumente und Einstellungen\superuser\Eigene Dateien\Samplecode\Glove Demo\5DTGloveDemo\Release\link.2476.write.1.tlog
C:\Dokumente und Einstellungen\superuser\Eigene Dateien\Samplecode\Glove Demo\5DTGloveDemo\Release\link.2476-cvtres.read.1.tlog
C:\Dokumente und Einstellungen\superuser\Eigene Dateien\Samplecode\Glove Demo\5DTGloveDemo\Release\link.2476-cvtres.write.1.tlog
C:\Dokumente und Einstellungen\superuser\Eigene Dateien\Samplecode\Glove Demo\5DTGloveDemo\Release\link.2500.read.1.tlog
C:\Dokumente und Einstellungen\superuser\Eigene Dateien\Samplecode\Glove Demo\5DTGloveDemo\Release\link.2500.write.1.tlog
C:\Dokumente und Einstellungen\superuser\Eigene Dateien\Samplecode\Glove Demo\5DTGloveDemo\Release\link.2500-cvtres.read.1.tlog
C:\Dokumente und Einstellungen\superuser\Eigene Dateien\Samplecode\Glove Demo\5DTGloveDemo\Release\link.2500-cvtres.write.1.tlog
C:\Dokumente und Einstellungen\superuser\Eigene Dateien\Samplecode\Glove Demo\5DTGloveDemo\Release\link.2600.read.1.tlog
C:\Dokumente und Einstellungen\superuser\Eigene Dateien\Samplecode\Glove Demo\5DTGloveDemo\Release\link.2600.write.1.tlog
C:\Dokumente und Einstellungen\superuser\Eigene Dateien\Samplecode\Glove Demo\5DTGloveDemo\Release\link.2600-cvtres.read.1.tlog
C:\Dokumente und Einstellungen\superuser\Eigene Dateien\Samplecode\Glove Demo\5DTGloveDemo\Release\link.2600-cvtres.write.1.tlog
C:\Dokumente und Einstellungen\superuser\Eigene Dateien\Samplecode\Glove Demo\5DTGloveDemo\Release\link.2668.read.1.tlog
C:\Dokumente und Einstellungen\superuser\Eigene Dateien\Samplecode\Glove Demo\5DTGloveDemo\Release\link.2668.write.1.tlog
C:\Dokumente und Einstellungen\superuser\Eigene Dateien\Samplecode\Glove Demo\5DTGloveDemo\Release\link.2668-cvtres.read.1.tlog
C:\Dokumente und Einstellungen\superuser\Eigene Dateien\Samplecode\Glove Demo\5DTGloveDemo\Release\link.2668-cvtres.write.1.tlog
C:\Dokumente und Einstellungen\superuser\Eigene Dateien\Samplecode\Glove Demo\5DTGloveDemo\Release\link.2708.read.1.tlog
C:\Dokumente und Einstellungen\superuser\Eigene Dateien\Samplecode\Glove Demo\5DTGloveDemo\Release\link.2708.write.1.tlog
C:\Dokumente und Einstellungen\superuser\Eigene Dateien\Samplecode\Glove Demo\5DTGloveDemo\Release\link.2708-cvtres.read.1.tlog
C:\Dokumente und Einstellungen\superuser\Eigene Dateien\Samplecode\Glove Demo\5DTGloveDemo\Release\link.2708-cvtres.write.1.tlog
C:\Dokumente und Einstellungen\superuser\Eigene Dateien\Samplecode\Glove Demo\5DTGloveDemo\Release\link.2804.read.1.tlog
C:\Dokumente und Einstellungen\superuser\Eigene Dateien\Samplecode\Glove Demo\5DTGloveDemo\Release\link.2804.write.1.tlog
C:\Dokumente und Einstellungen\superuser\Eigene Dateien\Samplecode\Glove Demo\5DTGloveDemo\Release\link.2804-cvtres.read.1.tlog
C:\Dokumente und Einstellungen\superuser\Eigene Dateien\Samplecode\Glove Demo\5DTGloveDemo\Release\link.2804-cvtres.write.1.tlog
C:\Dokumente und Einstellungen\superuser\Eigene Dateien\Samplecode\Glove Demo\5DTGloveDemo\Release\link.284.read.1.tlog
C:\Dokumente und Einstellungen\superuser\Eigene Dateien\Samplecode\Glove Demo\5DTGloveDemo\Release\link.284.write.1.tlog
C:\Dokumente und Einstellungen\superuser\Eigene Dateien\Samplecode\Glove Demo\5DTGloveDemo\Release\link.284-cvtres.read.1.tlog
C:\Dokumente und Einstellungen\superuser\Eigene Dateien\Samplecode\Glove Demo\5DTGloveDemo\Release\link.284-cvtres.write.1.tlog
C:\Dokumente und Einstellungen\superuser\Eigene Dateien\Samplecode\Glove Demo\5DTGloveDemo\Release\link.2872.read.1.tlog
C:\Dokumente und Einstellungen\superuser\Eigene Dateien\Samplecode\Glove Demo\5DTGloveDemo\Release\link.2872.write.1.tlog
C:\Dokumente und Einstellungen\superuser\Eigene Dateien\Samplecode\Glove Demo\5DTGloveDemo\Release\link.2872-cvtres.read.1.tlog
C:\Dokumente und Einstellungen\superuser\Eigene Dateien\Samplecode\Glove Demo\5DTGloveDemo\Release\link.2872-cvtres.write.1.tlog
C:\Dokumente und Einstellungen\superuser\Eigene Dateien\Samplecode\Glove Demo\5DTGloveDemo\Release\link.2924.read.1.tlog
C:\Dokumente und Einstellungen\superuser\Eigene Dateien\Samplecode\Glove Demo\5DTGloveDemo\Release\link.2924.write.1.tlog
C:\Dokumente und Einstellungen\superuser\Eigene Dateien\Samplecode\Glove Demo\5DTGloveDemo\Release\link.2924-cvtres.read.1.tlog
C:\Dokumente und Einstellungen\superuser\Eigene Dateien\Samplecode\Glove Demo\5DTGloveDemo\Release\link.2924-cvtres.write.1.tlog
C:\Dokumente und Einstellungen\superuser\Eigene Dateien\Samplecode\Glove Demo\5DTGloveDemo\Release\link.2992.read.1.tlog
C:\Dokumente und Einstellungen\superuser\Eigene Dateien\Samplecode\Glove Demo\5DTGloveDemo\Release\link.2992.write.1.tlog
C:\Dokumente und Einstellungen\superuser\Eigene Dateien\Samplecode\Glove Demo\5DTGloveDemo\Release\link.2992-cvtres.read.1.tlog
C:\Dokumente und Einstellungen\superuser\Eigene Dateien\Samplecode\Glove Demo\5DTGloveDemo\Release\link.2992-cvtres.write.1.tlog
C:\Dokumente und Einstellungen\superuser\Eigene Dateien\Samplecode\Glove Demo\5DTGloveDemo\Release\link.3056.read.1.tlog
C:\Dokumente und Einstellungen\superuser\Eigene Dateien\Samplecode\Glove Demo\5DTGloveDemo\Release\link.3056.write.1.tlog
C:\Dokumente und Einstellungen\superuser\Eigene Dateien\Samplecode\Glove Demo\5DTGloveDemo\Release\link.3056-cvtres.read.1.tlog
C:\Dokumente und Einstellungen\superuser\Eigene Dateien\Samplecode\Glove Demo\5DTGloveDemo\Release\link.3056-cvtres.write.1.tlog
C:\Dokumente und Einstellungen\superuser\Eigene Dateien\Samplecode\Glove Demo\5DTGloveDemo\Release\link.3176.read.1.tlog
C:\Dokumente und Einstellungen\superuser\Eigene Dateien\Samplecode\Glove Demo\5DTGloveDemo\Release\link.3176.write.1.tlog
C:\Dokumente und Einstellungen\superuser\Eigene Dateien\Samplecode\Glove Demo\5DTGloveDemo\Release\link.3176-cvtres.read.1.tlog
C:\Dokumente und Einstellungen\superuser\Eigene Dateien\Samplecode\Glove Demo\5DTGloveDemo\Release\link.3176-cvtres.write.1.tlog
C:\Dokumente und Einstellungen\superuser\Eigene Dateien\Samplecode\Glove Demo\5DTGloveDemo\Release\link.3184.read.1.tlog
C:\Dokumente und Einstellungen\superuser\Eigene Dateien\Samplecode\Glove Demo\5DTGloveDemo\Release\link.3184.write.1.tlog
C:\Dokumente und Einstellungen\superuser\Eigene Dateien\Samplecode\Glove Demo\5DTGloveDemo\Release\link.3184-cvtres.read.1.tlog
C:\Dokumente und Einstellungen\superuser\Eigene Dateien\Samplecode\Glove Demo\5DTGloveDemo\Release\link.3184-cvtres.write.1.tlog
C:\Dokumente und Einstellungen\superuser\Eigene Dateien\Samplecode\Glove Demo\5DTGloveDemo\Release\link.320.read.1.tlog
C:\Dokumente und Einstellungen\superuser\Eigene Dateien\Samplecode\Glove Demo\5DTGloveDemo\Release\link.320.write.1.tlog
C:\Dokumente und Einstellungen\superuser\Eigene Dateien\Samplecode\Glove Demo\5DTGloveDemo\Release\link.320-cvtres.read.1.tlog
C:\Dokumente und Einstellungen\superuser\Eigene Dateien\Samplecode\Glove Demo\5DTGloveDemo\Release\link.320-cvtres.write.1.tlog
C:\Dokumente und Einstellungen\superuser\Eigene Dateien\Samplecode\Glove Demo\5DTGloveDemo\Release\link.3236.read.1.tlog
C:\Dokumente und Einstellungen\superuser\Eigene Dateien\Samplecode\Glove Demo\5DTGloveDemo\Release\link.3236.write.1.tlog
C:\Dokumente und Einstellungen\superuser\Eigene Dateien\Samplecode\Glove Demo\5DTGloveDemo\Release\link.3236-cvtres.read.1.tlog
C:\Dokumente und Einstellungen\superuser\Eigene Dateien\Samplecode\Glove Demo\5DTGloveDemo\Release\link.3236-cvtres.write.1.tlog
C:\Dokumente und Einstellungen\superuser\Eigene Dateien\Samplecode\Glove Demo\5DTGloveDemo\Release\link.3268.read.1.tlog
C:\Dokumente und Einstellungen\superuser\Eigene Dateien\Samplecode\Glove Demo\5DTGloveDemo\Release\link.3268.write.1.tlog
C:\Dokumente und Einstellungen\superuser\Eigene Dateien\Samplecode\Glove Demo\5DTGloveDemo\Release\link.3268-cvtres.read.1.tlog
C:\Dokumente und Einstellungen\superuser\Eigene Dateien\Samplecode\Glove Demo\5DTGloveDemo\Release\link.3268-cvtres.write.1.tlog
C:\Dokumente und Einstellungen\superuser\Eigene Dateien\Samplecode\Glove Demo\5DTGloveDemo\Release\link.3324.read.1.tlog
C:\Dokumente und Einstellungen\superuser\Eigene Dateien\Samplecode\Glove Demo\5DTGloveDemo\Release\link.3324.write.1.tlog
C:\Dokumente und Einstellungen\superuser\Eigene Dateien\Samplecode\Glove Demo\5DTGloveDemo\Release\link.3324-cvtres.read.1.tlog
C:\Dokumente und Einstellungen\superuser\Eigene Dateien\Samplecode\Glove Demo\5DTGloveDemo\Release\link.3324-cvtres.write.1.tlog
C:\Dokumente und Einstellungen\superuser\Eigene Dateien\Samplecode\Glove Demo\5DTGloveDemo\Release\link.3452.read.1.tlog
C:\Dokumente und Einstellungen\superuser\Eigene Dateien\Samplecode\Glove Demo\5DTGloveDemo\Release\link.3452.write.1.tlog
C:\Dokumente und Einstellungen\superuser\Eigene Dateien\Samplecode\Glove Demo\5DTGloveDemo\Release\link.3452-cvtres.read.1.tlog
C:\Dokumente und Einstellungen\superuser\Eigene Dateien\Samplecode\Glove Demo\5DTGloveDemo\Release\link.3452-cvtres.write.1.tlog
C:\Dokumente und Einstellungen\superuser\Eigene Dateien\Samplecode\Glove Demo\5DTGloveDemo\Release\link.3476.read.1.tlog
C:\Dokumente und Einstellungen\superuser\Eigene Dateien\Samplecode\Glove Demo\5DTGloveDemo\Release\link.3476.write.1.tlog
C:\Dokumente und Einstellungen\superuser\Eigene Dateien\Samplecode\Glove Demo\5DTGloveDemo\Release\link.3476-cvtres.read.1.tlog
C:\Dokumente und Einstellungen\superuser\Eigene Dateien\Samplecode\Glove Demo\5DTGloveDemo\Release\link.3476-cvtres.write.1.tlog
C:\Dokumente und Einstellungen\superuser\Eigene Dateien\Samplecode\Glove Demo\5DTGloveDemo\Release\link.3512.read.1.tlog
C:\Dokumente und Einstellungen\superuser\Eigene Dateien\Samplecode\Glove Demo\5DTGloveDemo\Release\link.3512.write.1.tlog
C:\Dokumente und Einstellungen\superuser\Eigene Dateien\Samplecode\Glove Demo\5DTGloveDemo\Release\link.3512-cvtres.read.1.tlog
C:\Dokumente und Einstellungen\superuser\Eigene Dateien\Samplecode\Glove Demo\5DTGloveDemo\Release\link.3512-cvtres.write.1.tlog
C:\Dokumente und Einstellungen\superuser\Eigene Dateien\Samplecode\Glove Demo\5DTGloveDemo\Release\link.3520.read.1.tlog
C:\Dokumente und Einstellungen\superuser\Eigene Dateien\Samplecode\Glove Demo\5DTGloveDemo\Release\link.3520.write.1.tlog
C:\Dokumente und Einstellungen\superuser\Eigene Dateien\Samplecode\Glove Demo\5DTGloveDemo\Release\link.3520-cvtres.read.1.tlog
C:\Dokumente und Einstellungen\superuser\Eigene Dateien\Samplecode\Glove Demo\5DTGloveDemo\Release\link.3520-cvtres.write.1.tlog
C:\Dokumente und Einstellungen\superuser\Eigene Dateien\Samplecode\Glove Demo\5DTGloveDemo\Release\link.3596.read.1.tlog
C:\Dokumente und Einstellungen\superuser\Eigene Dateien\Samplecode\Glove Demo\5DTGloveDemo\Release\link.3596.write.1.tlog
C:\Dokumente und Einstellungen\superuser\Eigene Dateien\Samplecode\Glove Demo\5DTGloveDemo\Release\link.3596-cvtres.read.1.tlog
C:\Dokumente und Einstellungen\superuser\Eigene Dateien\Samplecode\Glove Demo\5DTGloveDemo\Release\link.3596-cvtres.write.1.tlog
C:\Dokumente und Einstellungen\superuser\Eigene Dateien\Samplecode\Glove Demo\5DTGloveDemo\Release\link.3692.read.1.tlog
C:\Dokumente und Einstellungen\superuser\Eigene Dateien\Samplecode\Glove Demo\5DTGloveDemo\Release\link.3692.write.1.tlog
C:\Dokumente und Einstellungen\superuser\Eigene Dateien\Samplecode\Glove Demo\5DTGloveDemo\Release\link.3692-cvtres.read.1.tlog
C:\Dokumente und Einstellungen\superuser\Eigene Dateien\Samplecode\Glove Demo\5DTGloveDemo\Release\link.3692-cvtres.write.1.tlog
C:\Dokumente und Einstellungen\superuser\Eigene Dateien\Samplecode\Glove Demo\5DTGloveDemo\Release\link.3748.read.1.tlog
C:\Dokumente und Einstellungen\superuser\Eigene Dateien\Samplecode\Glove Demo\5DTGloveDemo\Release\link.3748.write.1.tlog
C:\Dokumente und Einstellungen\superuser\Eigene Dateien\Samplecode\Glove Demo\5DTGloveDemo\Release\link.3748-cvtres.read.1.tlog
C:\Dokumente und Einstellungen\superuser\Eigene Dateien\Samplecode\Glove Demo\5DTGloveDemo\Release\link.3748-cvtres.write.1.tlog
C:\Dokumente und Einstellungen\superuser\Eigene Dateien\Samplecode\Glove Demo\5DTGloveDemo\Release\link.3776.read.1.tlog
C:\Dokumente und Einstellungen\superuser\Eigene Dateien\Samplecode\Glove Demo\5DTGloveDemo\Release\link.3776.write.1.tlog
C:\Dokumente und Einstellungen\superuser\Eigene Dateien\Samplecode\Glove Demo\5DTGloveDemo\Release\link.3776-cvtres.read.1.tlog
C:\Dokumente und Einstellungen\superuser\Eigene Dateien\Samplecode\Glove Demo\5DTGloveDemo\Release\link.3776-cvtres.write.1.tlog
C:\Dokumente und Einstellungen\superuser\Eigene Dateien\Samplecode\Glove Demo\5DTGloveDemo\Release\link.3856.read.1.tlog
C:\Dokumente und Einstellungen\superuser\Eigene Dateien\Samplecode\Glove Demo\5DTGloveDemo\Release\link.3856.write.1.tlog
C:\Dokumente und Einstellungen\superuser\Eigene Dateien\Samplecode\Glove Demo\5DTGloveDemo\Release\link.3856-cvtres.read.1.tlog
C:\Dokumente und Einstellungen\superuser\Eigene Dateien\Samplecode\Glove Demo\5DTGloveDemo\Release\link.3856-cvtres.write.1.tlog
C:\Dokumente und Einstellungen\superuser\Eigene Dateien\Samplecode\Glove Demo\5DTGloveDemo\Release\link.3864.read.1.tlog
C:\Dokumente und Einstellungen\superuser\Eigene Dateien\Samplecode\Glove Demo\5DTGloveDemo\Release\link.3864.write.1.tlog
C:\Dokumente und Einstellungen\superuser\Eigene Dateien\Samplecode\Glove Demo\5DTGloveDemo\Release\link.3864-cvtres.read.1.tlog
C:\Dokumente und Einstellungen\superuser\Eigene Dateien\Samplecode\Glove Demo\5DTGloveDemo\Release\link.3864-cvtres.write.1.tlog
C:\Dokumente und Einstellungen\superuser\Eigene Dateien\Samplecode\Glove Demo\5DTGloveDemo\Release\link.3896.read.1.tlog
C:\Dokumente und Einstellungen\superuser\Eigene Dateien\Samplecode\Glove Demo\5DTGloveDemo\Release\link.3896.write.1.tlog
C:\Dokumente und Einstellungen\superuser\Eigene Dateien\Samplecode\Glove Demo\5DTGloveDemo\Release\link.3896-cvtres.read.1.tlog
C:\Dokumente und Einstellungen\superuser\Eigene Dateien\Samplecode\Glove Demo\5DTGloveDemo\Release\link.3896-cvtres.write.1.tlog
C:\Dokumente und Einstellungen\superuser\Eigene Dateien\Samplecode\Glove Demo\5DTGloveDemo\Release\link.4084.read.1.tlog
C:\Dokumente und Einstellungen\superuser\Eigene Dateien\Samplecode\Glove Demo\5DTGloveDemo\Release\link.4084.write.1.tlog
C:\Dokumente und Einstellungen\superuser\Eigene Dateien\Samplecode\Glove Demo\5DTGloveDemo\Release\link.4084-cvtres.read.1.tlog
C:\Dokumente und Einstellungen\superuser\Eigene Dateien\Samplecode\Glove Demo\5DTGloveDemo\Release\link.4084-cvtres.write.1.tlog
C:\Dokumente und Einstellungen\superuser\Eigene Dateien\Samplecode\Glove Demo\5DTGloveDemo\Release\link.456.read.1.tlog
C:\Dokumente und Einstellungen\superuser\Eigene Dateien\Samplecode\Glove Demo\5DTGloveDemo\Release\link.456.write.1.tlog
C:\Dokumente und Einstellungen\superuser\Eigene Dateien\Samplecode\Glove Demo\5DTGloveDemo\Release\link.456-cvtres.read.1.tlog
C:\Dokumente und Einstellungen\superuser\Eigene Dateien\Samplecode\Glove Demo\5DTGloveDemo\Release\link.456-cvtres.write.1.tlog
C:\Dokumente und Einstellungen\superuser\Eigene Dateien\Samplecode\Glove Demo\5DTGloveDemo\Release\link.4740.read.1.tlog
C:\Dokumente und Einstellungen\superuser\Eigene Dateien\Samplecode\Glove Demo\5DTGloveDemo\Release\link.4740.write.1.tlog
C:\Dokumente und Einstellungen\superuser\Eigene Dateien\Samplecode\Glove Demo\5DTGloveDemo\Release\link.516.read.1.tlog
C:\Dokumente und Einstellungen\superuser\Eigene Dateien\Samplecode\Glove Demo\5DTGloveDemo\Release\link.516.write.1.tlog
C:\Dokumente und Einstellungen\superuser\Eigene Dateien\Samplecode\Glove Demo\5DTGloveDemo\Release\link.516-cvtres.read.1.tlog
C:\Dokumente und Einstellungen\superuser\Eigene Dateien\Samplecode\Glove Demo\5DTGloveDemo\Release\link.516-cvtres.write.1.tlog
C:\Dokumente und Einstellungen\superuser\Eigene Dateien\Samplecode\Glove Demo\5DTGloveDemo\Release\link.5384.read.1.tlog
C:\Dokumente und Einstellungen\superuser\Eigene Dateien\Samplecode\Glove Demo\5DTGloveDemo\Release\link.5384.write.1.tlog
C:\Dokumente und Einstellungen\superuser\Eigene Dateien\Samplecode\Glove Demo\5DTGloveDemo\Release\link.6036.read.1.tlog
C:\Dokumente und Einstellungen\superuser\Eigene Dateien\Samplecode\Glove Demo\5DTGloveDemo\Release\link.6036.write.1.tlog
C:\Dokumente und Einstellungen\superuser\Eigene Dateien\Samplecode\Glove Demo\5DTGloveDemo\Release\link.6208.read.1.tlog
C:\Dokumente und Einstellungen\superuser\Eigene Dateien\Samplecode\Glove Demo\5DTGloveDemo\Release\link.6208.write.1.tlog
C:\Dokumente und Einstellungen\superuser\Eigene Dateien\Samplecode\Glove Demo\5DTGloveDemo\Release\link.684.read.1.tlog
C:\Dokumente und Einstellungen\superuser\Eigene Dateien\Samplecode\Glove Demo\5DTGloveDemo\Release\link.684.write.1.tlog
C:\Dokumente und Einstellungen\superuser\Eigene Dateien\Samplecode\Glove Demo\5DTGloveDemo\Release\link.692.read.1.tlog
C:\Dokumente und Einstellungen\superuser\Eigene Dateien\Samplecode\Glove Demo\5DTGloveDemo\Release\link.692.write.1.tlog
C:\Dokumente und Einstellungen\superuser\Eigene Dateien\Samplecode\Glove Demo\5DTGloveDemo\Release\link.692-cvtres.read.1.tlog
C:\Dokumente und Einstellungen\superuser\Eigene Dateien\Samplecode\Glove Demo\5DTGloveDemo\Release\link.692-cvtres.write.1.tlog
C:\Dokumente und Einstellungen\superuser\Eigene Dateien\Samplecode\Glove Demo\5DTGloveDemo\Release\link.784.read.1.tlog
C:\Dokumente und Einstellungen\superuser\Eigene Dateien\Samplecode\Glove Demo\5DTGloveDemo\Release\link.784.write.1.tlog
C:\Dokumente und Einstellungen\superuser\Eigene Dateien\Samplecode\Glove Demo\5DTGloveDemo\Release\link.784-cvtres.read.1.tlog
C:\Dokumente und Einstellungen\superuser\Eigene Dateien\Samplecode\Glove Demo\5DTGloveDemo\Release\link.784-cvtres.write.1.tlog
C:\Dokumente und Einstellungen\superuser\Eigene Dateien\Samplecode\Glove Demo\5DTGloveDemo\Release\link.856.read.1.tlog
C:\Dokumente und Einstellungen\superuser\Eigene Dateien\Samplecode\Glove Demo\5DTGloveDemo\Release\link.856.write.1.tlog
C:\Dokumente und Einstellungen\superuser\Eigene Dateien\Samplecode\Glove Demo\5DTGloveDemo\Release\link.856-cvtres.read.1.tlog
C:\Dokumente und Einstellungen\superuser\Eigene Dateien\Samplecode\Glove Demo\5DTGloveDemo\Release\link.856-cvtres.write.1.tlog
C:\Dokumente und Einstellungen\superuser\Eigene Dateien\Samplecode\Glove Demo\5DTGloveDemo\Release\link.864.read.1.tlog
C:\Dokumente und Einstellungen\superuser\Eigene Dateien\Samplecode\Glove Demo\5DTGloveDemo\Release\link.864.write.1.tlog
C:\Dokumente und Einstellungen\superuser\Eigene Dateien\Samplecode\Glove Demo\5DTGloveDemo\Release\link.864-cvtres.read.1.tlog
C:\Dokumente und Einstellungen\superuser\Eigene Dateien\Samplecode\Glove Demo\5DTGloveDemo\Release\link.864-cvtres.write.1.tlog
C:\Dokumente und Einstellungen\superuser\Eigene Dateien\Samplecode\Glove Demo\5DTGloveDemo\Release\link.9732.read.1.tlog
C:\Dokumente und Einstellungen\superuser\Eigene Dateien\Samplecode\Glove Demo\5DTGloveDemo\Release\link.9732.write.1.tlog
C:\Dokumente und Einstellungen\superuser\Eigene Dateien\Samplecode\Glove Demo\5DTGloveDemo\Release\link.command.1.tlog
C:\Dokumente und Einstellungen\superuser\Eigene Dateien\Samplecode\Glove Demo\5DTGloveDemo\Release\link.read.1.tlog
C:\Dokumente und Einstellungen\superuser\Eigene Dateien\Samplecode\Glove Demo\5DTGloveDemo\Release\link.write.1.tlog
C:\Dokumente und Einstellungen\superuser\Eigene Dateien\Samplecode\Glove Demo\5DTGloveDemo\Release\mt.command.1.tlog
C:\Dokumente und Einstellungen\superuser\Eigene Dateien\Samplecode\Glove Demo\5DTGloveDemo\Release\mt.read.1.tlog
C:\Dokumente und Einstellungen\superuser\Eigene Dateien\Samplecode\Glove Demo\5DTGloveDemo\Release\mt.write.1.tlog
C:\DOKUMENTE UND EINSTELLUNGEN\SUPERUSER\EIGENE DATEIEN\SAMPLECODE\GLOVE DEMO\5DTGLOVEDEMO\RELEASE\OPENSAVEFILEDIALOG.OBJ
C:\Dokumente und Einstellungen\superuser\Eigene Dateien\Samplecode\Glove Demo\5DTGloveDemo\Release\rc.command.1.tlog
C:\Dokumente und Einstellungen\superuser\Eigene Dateien\Samplecode\Glove Demo\5DTGloveDemo\Release\rc.read.1.tlog
C:\Dokumente und Einstellungen\superuser\Eigene Dateien\Samplecode\Glove Demo\5DTGloveDemo\Release\rc.write.1.tlog
C:\DOKUMENTE UND EINSTELLUNGEN\SUPERUSER\EIGENE DATEIEN\SAMPLECODE\GLOVE DEMO\5DTGLOVEDEMO\RELEASE\TUTORIALAPPLICATION.OBJ
C:\Dokumente und Einstellungen\superuser\Eigene Dateien\Samplecode\Glove Demo\5DTGloveDemo\Release\vc100.pdb
C:\DOKUMENTE UND EINSTELLUNGEN\SUPERUSER\EIGENE DATEIEN\SAMPLECODE\GLOVE DEMO\5DTGLOVEDEMO\RELEASE\VC90.PDB
C:\DOKUMENTE UND EINSTELLUNGEN\SUPERUSER\EIGENE DATEIEN\SAMPLECODE\GLOVE DEMO\RELEASE\5DTGLOVEDEMO.EXE
C:\DOKUMENTE UND EINSTELLUNGEN\SUPERUSER\EIGENE DATEIEN\SAMPLECODE\GLOVE DEMO\RELEASE\5DTGLOVEDEMO.PDB
