11:01:34: Creating resource group General
11:01:34: Creating resource group Internal
11:01:34: Creating resource group Autodetect
11:01:34: SceneManagerFactory for type 'DefaultSceneManager' registered.
11:01:34: Registering ResourceManager for type Material
11:01:34: Registering ResourceManager for type Mesh
11:01:34: Registering ResourceManager for type Skeleton
11:01:34: MovableObjectFactory for type 'ParticleSystem' registered.
11:01:34: OverlayElementFactory for type Panel registered.
11:01:34: OverlayElementFactory for type BorderPanel registered.
11:01:34: OverlayElementFactory for type TextArea registered.
11:01:34: Registering ResourceManager for type Font
11:01:34: ArchiveFactory for archive type FileSystem registered.
11:01:34: ArchiveFactory for archive type Zip registered.
11:01:34: DDS codec registering
11:01:34: FreeImage version: 3.13.1
11:01:34: This program uses FreeImage, a free, open source image library supporting all common bitmap formats. See http://freeimage.sourceforge.net for details
11:01:34: Supported formats: bmp,ico,jpg,jif,jpeg,jpe,jng,koa,iff,lbm,mng,pbm,pbm,pcd,pcx,pgm,pgm,png,ppm,ppm,ras,tga,targa,tif,tiff,wap,wbmp,wbm,psd,cut,xbm,xpm,gif,hdr,g3,sgi,exr,j2k,j2c,jp2,pfm,pct,pict,pic,bay,bmq,cr2,crw,cs1,dc2,dcr,dng,erf,fff,hdr,k25,kdc,mdc,mos,mrw,nef,orf,pef,pxn,raf,raw,rdc,sr2,srf,arw,3fr,cine,ia,kc2,mef,nrw,qtk,rw2,sti,drf,dsc,ptx,cap,iiq,rwz
11:01:34: Registering ResourceManager for type HighLevelGpuProgram
11:01:34: Registering ResourceManager for type Compositor
11:01:34: MovableObjectFactory for type 'Entity' registered.
11:01:34: MovableObjectFactory for type 'Light' registered.
11:01:34: MovableObjectFactory for type 'BillboardSet' registered.
11:01:34: MovableObjectFactory for type 'ManualObject' registered.
11:01:34: MovableObjectFactory for type 'BillboardChain' registered.
11:01:34: MovableObjectFactory for type 'RibbonTrail' registered.
11:01:34: Loading library .\RenderSystem_Direct3D9.dll
11:01:34: Installing plugin: D3D9 RenderSystem
11:01:34: D3D9 : Direct3D9 Rendering Subsystem created.
11:01:34: D3D9: Driver Detection Starts
11:01:34: D3D9: Driver Detection Ends
11:01:34: Plugin successfully installed
11:01:34: Loading library .\RenderSystem_GL.dll
11:01:34: Installing plugin: GL RenderSystem
11:01:34: OpenGL Rendering Subsystem created.
11:01:35: Plugin successfully installed
11:01:35: Loading library .\Plugin_ParticleFX.dll
11:01:35: Installing plugin: ParticleFX
11:01:35: Particle Emitter Type 'Point' registered
11:01:35: Particle Emitter Type 'Box' registered
11:01:35: Particle Emitter Type 'Ellipsoid' registered
11:01:35: Particle Emitter Type 'Cylinder' registered
11:01:35: Particle Emitter Type 'Ring' registered
11:01:35: Particle Emitter Type 'HollowEllipsoid' registered
11:01:35: Particle Affector Type 'LinearForce' registered
11:01:35: Particle Affector Type 'ColourFader' registered
11:01:35: Particle Affector Type 'ColourFader2' registered
11:01:35: Particle Affector Type 'ColourImage' registered
11:01:35: Particle Affector Type 'ColourInterpolator' registered
11:01:35: Particle Affector Type 'Scaler' registered
11:01:35: Particle Affector Type 'Rotator' registered
11:01:35: Particle Affector Type 'DirectionRandomiser' registered
11:01:35: Particle Affector Type 'DeflectorPlane' registered
11:01:35: Plugin successfully installed
11:01:35: Loading library .\Plugin_CgProgramManager.dll
11:01:35: Installing plugin: Cg Program Manager
11:01:35: Plugin successfully installed
11:01:35: *-*-* OGRE Initialising
11:01:35: *-*-* Version 1.7.1 (Cthugha)
11:01:35: Creating resource group Essential
11:01:35: Added resource location '../media/thumbnails' of type 'FileSystem' to resource group 'Essential'
11:01:35: Added resource location '../media/packs/SdkTrays.zip' of type 'Zip' to resource group 'Essential'
11:01:35: Added resource location '../media' of type 'FileSystem' to resource group 'General'
11:01:35: Added resource location '../media/MyGUI_Media' of type 'FileSystem' to resource group 'General'
11:01:35: Creating resource group Popular
11:01:35: Added resource location '../media/fonts' of type 'FileSystem' to resource group 'Popular'
11:01:35: Added resource location '../media/materials/programs' of type 'FileSystem' to resource group 'Popular'
11:01:35: Added resource location '../media/materials/scripts' of type 'FileSystem' to resource group 'Popular'
11:01:35: Added resource location '../media/materials/textures' of type 'FileSystem' to resource group 'Popular'
11:01:35: Added resource location '../media/materials/textures/nvidia' of type 'FileSystem' to resource group 'Popular'
11:01:35: Added resource location '../media/models' of type 'FileSystem' to resource group 'Popular'
11:01:35: Added resource location '../media/particle' of type 'FileSystem' to resource group 'Popular'
11:01:35: Added resource location '../media/DeferredShadingMedia' of type 'FileSystem' to resource group 'Popular'
11:01:35: Added resource location '../media/PCZAppMedia' of type 'FileSystem' to resource group 'Popular'
11:01:35: Added resource location '../media/RTShaderLib' of type 'FileSystem' to resource group 'Popular'
11:01:35: Added resource location '../media/RTShaderLib/materials' of type 'FileSystem' to resource group 'Popular'
11:01:35: Added resource location '../shaders' of type 'FileSystem' to resource group 'Popular'
11:01:35: Added resource location '../media/packs/cubemap.zip' of type 'Zip' to resource group 'Popular'
11:01:35: Added resource location '../media/packs/cubemapsJS.zip' of type 'Zip' to resource group 'Popular'
11:01:35: Added resource location '../media/packs/dragon.zip' of type 'Zip' to resource group 'Popular'
11:01:35: Added resource location '../media/packs/fresneldemo.zip' of type 'Zip' to resource group 'Popular'
11:01:35: Added resource location '../media/packs/ogretestmap.zip' of type 'Zip' to resource group 'Popular'
11:01:35: Added resource location '../media/packs/ogredance.zip' of type 'Zip' to resource group 'Popular'
11:01:35: Added resource location '../media/packs/Sinbad.zip' of type 'Zip' to resource group 'Popular'
11:01:35: Added resource location '../media/packs/skybox.zip' of type 'Zip' to resource group 'Popular'
11:01:35: D3D9 : RenderSystem Option: Allow NVPerfHUD = No
11:01:35: D3D9 : RenderSystem Option: FSAA = 0
11:01:35: D3D9 : RenderSystem Option: Floating-point mode = Fastest
11:01:35: D3D9 : RenderSystem Option: Full Screen = Yes
11:01:35: D3D9 : RenderSystem Option: Rendering Device = Monitor-1-NVIDIA Quadro FX 3700
11:01:35: D3D9 : RenderSystem Option: Resource Creation Policy = Create on all devices
11:01:35: D3D9 : RenderSystem Option: VSync = No
11:01:35: D3D9 : RenderSystem Option: VSync Interval = 1
11:01:35: D3D9 : RenderSystem Option: Video Mode = 800 x 600 @ 32-bit colour
11:01:35: D3D9 : RenderSystem Option: sRGB Gamma Conversion = No
11:01:35: *** Stopping Win32GL Subsystem ***
11:01:35: CPU Identifier & Features
11:01:35: -------------------------
11:01:35:  *   CPU ID: GenuineIntel: Intel(R) Core(TM)2 Duo CPU     E8400  @ 3.00GHz
11:01:35:  *      SSE: yes
11:01:35:  *     SSE2: yes
11:01:35:  *     SSE3: yes
11:01:35:  *      MMX: yes
11:01:35:  *   MMXEXT: yes
11:01:35:  *    3DNOW: no
11:01:35:  * 3DNOWEXT: no
11:01:35:  *     CMOV: yes
11:01:35:  *      TSC: yes
11:01:35:  *      FPU: yes
11:01:35:  *      PRO: yes
11:01:35:  *       HT: no
11:01:35: -------------------------
11:01:35: D3D9 : Subsystem Initialising
11:01:35: Registering ResourceManager for type Texture
11:01:35: Registering ResourceManager for type GpuProgram
11:01:35: ***************************************
11:01:35: *** D3D9 : Subsystem Initialised OK ***
11:01:35: ***************************************
11:01:35: D3D9RenderSystem::_createRenderWindow "5DT 3D Glove Demo", 1280x1024 windowed  miscParams: monitorIndex=1 
11:01:35: D3D9 : Created D3D9 Rendering Window '5DT 3D Glove Demo' : 1272x967, 32bpp
11:01:35: D3D9 : WARNING - disabling VSync in windowed mode can cause timing issues at lower frame rates, turn VSync on if you observe this problem.
11:01:35: D3D9: Vertex texture format supported - PF_FLOAT16_RGB
11:01:35: D3D9: Vertex texture format supported - PF_FLOAT16_RGBA
11:01:35: D3D9: Vertex texture format supported - PF_FLOAT32_RGB
11:01:35: D3D9: Vertex texture format supported - PF_FLOAT32_RGBA
11:01:35: D3D9: Vertex texture format supported - PF_FLOAT16_R
11:01:35: D3D9: Vertex texture format supported - PF_FLOAT32_R
11:01:35: D3D9: Vertex texture format supported - PF_FLOAT16_GR
11:01:35: D3D9: Vertex texture format supported - PF_FLOAT32_GR
11:01:35: RenderSystem capabilities
11:01:35: -------------------------
11:01:35: RenderSystem Name: Direct3D9 Rendering Subsystem
11:01:35: GPU Vendor: nvidia
11:01:35: Device Name: Monitor-2-NVIDIA Quadro FX 3700
11:01:35: Driver Version: 6.14.11.8246
11:01:35:  * Fixed function pipeline: yes
11:01:35:  * Hardware generation of mipmaps: yes
11:01:35:  * Texture blending: yes
11:01:35:  * Anisotropic texture filtering: yes
11:01:35:  * Dot product texture operation: yes
11:01:35:  * Cube mapping: yes
11:01:35:  * Hardware stencil buffer: yes
11:01:35:    - Stencil depth: 8
11:01:35:    - Two sided stencil support: yes
11:01:35:    - Wrap stencil values: yes
11:01:35:  * Hardware vertex / index buffers: yes
11:01:35:  * Vertex programs: yes
11:01:35:  * Number of floating-point constants for vertex programs: 256
11:01:35:  * Number of integer constants for vertex programs: 16
11:01:35:  * Number of boolean constants for vertex programs: 16
11:01:35:  * Fragment programs: yes
11:01:35:  * Number of floating-point constants for fragment programs: 224
11:01:35:  * Number of integer constants for fragment programs: 16
11:01:35:  * Number of boolean constants for fragment programs: 16
11:01:35:  * Geometry programs: no
11:01:35:  * Number of floating-point constants for geometry programs: 0
11:01:35:  * Number of integer constants for geometry programs: 62976
11:01:35:  * Number of boolean constants for geometry programs: 397
11:01:35:  * Supported Shader Profiles: hlsl ps_1_1 ps_1_2 ps_1_3 ps_1_4 ps_2_0 ps_2_a ps_2_b ps_2_x ps_3_0 vs_1_1 vs_2_0 vs_2_a vs_2_x vs_3_0
11:01:35:  * Texture Compression: yes
11:01:35:    - DXT: yes
11:01:35:    - VTC: no
11:01:35:    - PVRTC: no
11:01:35:  * Scissor Rectangle: yes
11:01:35:  * Hardware Occlusion Query: yes
11:01:35:  * User clip planes: yes
11:01:35:  * VET_UBYTE4 vertex element type: yes
11:01:35:  * Infinite far plane projection: yes
11:01:35:  * Hardware render-to-texture: yes
11:01:35:  * Floating point textures: yes
11:01:35:  * Non-power-of-two textures: yes
11:01:35:  * Volume textures: yes
11:01:35:  * Multiple Render Targets: 4
11:01:35:    - With different bit depths: yes
11:01:35:  * Point Sprites: yes
11:01:35:  * Extended point parameters: yes
11:01:35:  * Max Point Size: 10
11:01:35:  * Vertex texture fetch: yes
11:01:35:  * Number of world matrices: 0
11:01:35:  * Number of texture units: 8
11:01:35:  * Stencil buffer depth: 8
11:01:35:  * Number of vertex blend matrices: 0
11:01:35:    - Max vertex textures: 4
11:01:35:    - Vertex textures shared: no
11:01:35:  * Render to Vertex Buffer : no
11:01:35:  * DirectX per stage constants: yes
11:01:35: DefaultWorkQueue('Root') initialising on thread 00158118.
11:01:35: DefaultWorkQueue('Root')::WorkerFunc - thread 001BCAA8 starting.
11:01:35: Particle Renderer Type 'billboard' registered
11:01:35: DefaultWorkQueue('Root')::WorkerFunc - thread 001BCAE8 starting.
11:01:35: D3D9 : RenderSystem Option: Full Screen = Yes
11:01:35: D3D9 : RenderSystem Option: Video Mode = 1280 x 1024 @ 32-bit colour
11:01:35: Parsing scripts for resource group Autodetect
11:01:35: Finished parsing scripts for resource group Autodetect
11:01:35: Parsing scripts for resource group Essential
11:01:35: Parsing script SdkTrays.material
11:01:35: Parsing script SdkTrays.fontdef
11:01:35: Parsing script SdkTrays.overlay
11:01:35: Bad element attribute line: '# you can offset the image to change the cursor "hotspot"' for element SdkTrays/Cursor in overlay 
11:01:35: Texture: sdk_cursor.png: Loading 1 faces(PF_A8R8G8B8,32x32x1) with  hardware generated mipmaps from Image. Internal format is PF_A8R8G8B8,32x32x1.
11:01:35: Texture: sdk_tray.png: Loading 1 faces(PF_A8R8G8B8,64x64x1) with  hardware generated mipmaps from Image. Internal format is PF_A8R8G8B8,64x64x1.
11:01:35: Texture: sdk_button_up.png: Loading 1 faces(PF_A8R8G8B8,128x32x1) with  hardware generated mipmaps from Image. Internal format is PF_A8R8G8B8,128x32x1.
11:01:35: Texture: sdk_text_box.png: Loading 1 faces(PF_A8R8G8B8,32x32x1) with  hardware generated mipmaps from Image. Internal format is PF_A8R8G8B8,32x32x1.
11:01:35: Texture: sdk_mini_tray.png: Loading 1 faces(PF_A8R8G8B8,32x32x1) with  hardware generated mipmaps from Image. Internal format is PF_A8R8G8B8,32x32x1.
11:01:35: Texture: sdk_track.png: Loading 1 faces(PF_A8R8G8B8,16x32x1) with  hardware generated mipmaps from Image. Internal format is PF_A8R8G8B8,16x32x1.
11:01:35: Texture: sdk_handle.png: Loading 1 faces(PF_A8R8G8B8,16x16x1) with  hardware generated mipmaps from Image. Internal format is PF_A8R8G8B8,16x16x1.
11:01:35: Texture: sdk_mini_text_box.png: Loading 1 faces(PF_A8R8G8B8,32x32x1) with  hardware generated mipmaps from Image. Internal format is PF_A8R8G8B8,32x32x1.
11:01:35: Texture: sdk_label.png: Loading 1 faces(PF_A8R8G8B8,32x32x1) with  hardware generated mipmaps from Image. Internal format is PF_A8R8G8B8,32x32x1.
11:01:35: Texture: sdk_separator.png: Loading 1 faces(PF_A8R8G8B8,64x16x1) with  hardware generated mipmaps from Image. Internal format is PF_A8R8G8B8,64x16x1.
11:01:35: Texture: sdk_logo.png: Loading 1 faces(PF_A8R8G8B8,128x64x1) with  hardware generated mipmaps from Image. Internal format is PF_A8R8G8B8,128x64x1.
11:01:35: Texture: sdk_shade.png: Loading 1 faces(PF_A8R8G8B8,64x48x1) with 5 generated mipmaps from Image. Internal format is PF_A8R8G8B8,64x48x1.
11:01:35: Texture: sdk_frame.png: Loading 1 faces(PF_A8R8G8B8,32x32x1) with  hardware generated mipmaps from Image. Internal format is PF_A8R8G8B8,32x32x1.
11:01:35: Texture: sdk_mini_text_box_over.png: Loading 1 faces(PF_A8R8G8B8,32x32x1) with  hardware generated mipmaps from Image. Internal format is PF_A8R8G8B8,32x32x1.
11:01:35: Texture: sdk_pulse.png: Loading 1 faces(PF_R8G8B8,8x1x1) with  hardware generated mipmaps from Image. Internal format is PF_X8R8G8B8,8x1x1.
11:01:35: Finished parsing scripts for resource group Essential
11:01:35: Parsing scripts for resource group General
11:01:35: Finished parsing scripts for resource group General
11:01:35: Parsing scripts for resource group Internal
11:01:35: Finished parsing scripts for resource group Internal
11:01:35: Parsing scripts for resource group Popular
11:01:35: Parsing script Examples.program
11:01:35: Parsing script StdQuad_vp.program
11:01:35: Parsing script deferred_post.program
11:01:35: Parsing script ShadowCaster.program
11:01:35: Parsing script DepthShadowmap.program
11:01:35: Parsing script ASCII.material
11:01:35: Parsing script ASMSwizzle.material
11:01:35: Compiler error: object unsupported by render system in ASMSwizzle.material(1)
11:01:35: Parsing script BlackAndWhite.material
11:01:35: Parsing script Bloom.material
11:01:35: Parsing script Bloom2.material
11:01:35: Parsing script CGSwizzle.material
11:01:35: Parsing script CompositorDemo.material
11:01:35: Parsing script DepthShadowmap.material
11:01:36: Parsing script Dither.material
11:01:36: Parsing script DOF.material
11:01:36: Parsing script Embossed.material
11:01:36: Parsing script Example-Water.material
11:01:36: Parsing script Examples-Advanced.material
11:01:36: Parsing script Examples-DynTex.material
11:01:36: Parsing script Examples-Water.material
11:01:36: Parsing script Examples.material
11:01:36: OGRE EXCEPTION(2:InvalidParametersException): Parameter called camObjPos does not exist.  in GpuProgramParameters::_findNamedConstantDefinition at ..\..\..\..\OgreMain\src\OgreGpuProgramParams.cpp (line 1433)
11:01:36: Compiler error: invalid parameters in Examples.material(881): setting of constant failed
11:01:36: Parsing script facial.material
11:01:36: Parsing script Glass.material
11:01:36: Parsing script GLSLSwizzle.material
11:01:36: Parsing script Halftone.material
11:01:36: Parsing script hdr.material
11:01:36: Parsing script HeatVision.material
11:01:36: Parsing script Hurt.material
11:01:36: Parsing script instancing.material
11:01:36: Parsing script Invert.material
11:01:36: Parsing script IsoSurf.material
11:01:36: Parsing script Laplace.material
11:01:36: Parsing script MotionBlur.material
11:01:36: Parsing script MRTtest.material
11:01:36: Parsing script NightVision.material
11:01:36: Parsing script Ocean.material
11:01:36: Parsing script OffsetMapping.material
11:01:37: Parsing script Ogre.material
11:01:37: Parsing script OldMovie.material
11:01:37: Parsing script OldTV.material
11:01:37: Parsing script ParticleGS.material
11:01:37: OGRE EXCEPTION(7:InternalErrorException): Unable to compile Cg program Ogre/ParticleGS/GenerateVS: CG ERROR : "The compile returned an error."
(0) : error C6015: Output 'POSITION' not completely written
 in CgProgram::loadFromSource at ..\..\..\..\..\PlugIns\CgProgramManager\src\OgreCgProgramManagerDll.cpp (line 67)
11:01:37: High-level program Ogre/ParticleGS/GenerateVS encountered an error during loading and is thus not supported.
OGRE EXCEPTION(7:InternalErrorException): Unable to compile Cg program Ogre/ParticleGS/GenerateVS: CG ERROR : "The compile returned an error."
(0) : error C6015: Output 'POSITION' not completely written
 in CgProgram::loadFromSource at ..\..\..\..\..\PlugIns\CgProgramManager\src\OgreCgProgramManagerDll.cpp (line 67)
11:01:37: OGRE EXCEPTION(7:InternalErrorException): Unable to compile Cg program Ogre/ParticleGS/DisplayVS: CG ERROR : "The compile returned an error."
(249) : warning C7050: "output.color" might be used before being initialized
(0) : error C6015: Output 'POSITION' not completely written
 in CgProgram::loadFromSource at ..\..\..\..\..\PlugIns\CgProgramManager\src\OgreCgProgramManagerDll.cpp (line 67)
11:01:37: High-level program Ogre/ParticleGS/DisplayVS encountered an error during loading and is thus not supported.
OGRE EXCEPTION(7:InternalErrorException): Unable to compile Cg program Ogre/ParticleGS/DisplayVS: CG ERROR : "The compile returned an error."
(249) : warning C7050: "output.color" might be used before being initialized
(0) : error C6015: Output 'POSITION' not completely written
 in CgProgram::loadFromSource at ..\..\..\..\..\PlugIns\CgProgramManager\src\OgreCgProgramManagerDll.cpp (line 67)
11:01:37: OGRE EXCEPTION(7:InternalErrorException): Unable to compile Cg program Ogre/ParticleGS/DisplayPS: CG ERROR : "The compile returned an error."
(323) : fatal error C9999: unexpected cast operation
 in CgProgram::loadFromSource at ..\..\..\..\..\PlugIns\CgProgramManager\src\OgreCgProgramManagerDll.cpp (line 67)
11:01:37: High-level program Ogre/ParticleGS/DisplayPS encountered an error during loading and is thus not supported.
OGRE EXCEPTION(7:InternalErrorException): Unable to compile Cg program Ogre/ParticleGS/DisplayPS: CG ERROR : "The compile returned an error."
(323) : fatal error C9999: unexpected cast operation
 in CgProgram::loadFromSource at ..\..\..\..\..\PlugIns\CgProgramManager\src\OgreCgProgramManagerDll.cpp (line 67)
11:01:37: Parsing script Penguin.material
11:01:37: Parsing script Posterize.material
11:01:37: Parsing script preview.material
11:01:37: Compiler error: unknown error in preview.material(14): token "color_op_ex" is not recognized
11:01:37: Parsing script pssm.material
11:01:37: Parsing script RadialBlur.material
11:01:37: Parsing script RZR-002.material
11:01:37: Parsing script ShaderSystem.material
11:01:37: Parsing script shadows.material
11:01:37: Parsing script SharpenEdges.material
11:01:37: Parsing script sibenik.material
11:01:37: Parsing script smoke.material
11:01:37: Parsing script Tiling.material
11:01:37: Parsing script VarianceShadowmap.material
11:01:37: Parsing script deferreddemo.material
11:01:37: Parsing script deferred_post.material
11:01:37: Parsing script deferred_post_minilight.material
11:01:37: Parsing script ShadowCaster.material
11:01:37: Parsing script ssao.material
11:01:37: Parsing script ROOM.material
11:01:37: Parsing script RTShaderSystem.material
11:01:37: Compiler error: unknown error in RTShaderSystem.material(23): token "rtshader_system" is not recognized
11:01:37: Compiler error: unknown error in RTShaderSystem.material(52): token "rtshader_system" is not recognized
11:01:37: Compiler error: unknown error in RTShaderSystem.material(81): token "rtshader_system" is not recognized
11:01:37: Compiler error: unknown error in RTShaderSystem.material(110): token "rtshader_system" is not recognized
11:01:37: Compiler error: unknown error in RTShaderSystem.material(146): token "rtshader_system" is not recognized
11:01:37: Compiler error: unknown error in RTShaderSystem.material(81): token "rtshader_system" is not recognized
11:01:37: Compiler error: unknown error in RTShaderSystem.material(162): token "rtshader_system" is not recognized
11:01:37: Compiler error: unknown error in RTShaderSystem.material(81): token "rtshader_system" is not recognized
11:01:37: Compiler error: unknown error in RTShaderSystem.material(110): token "rtshader_system" is not recognized
11:01:37: Parsing script DepthShadowMap.material
11:01:37: Parsing script RomanBath.material
11:01:37: Parsing script Sinbad.material
11:01:37: Parsing script emitted_emitter.particle
11:01:37: Parsing script Examples-Water.particle
11:01:37: Parsing script Examples.particle
11:01:37: Parsing script smoke.particle
11:01:37: Parsing script Examples.compositor
11:01:37: Parsing script deferred.compositor
11:01:37: Parsing script ssao.compositor
11:01:37: Parsing script sample.fontdef
11:01:37: Finished parsing scripts for resource group Popular
11:01:37: Mesh: Loading 5DTRHand.mesh.
11:01:37: Skeleton: Loading 5DTRHand.skeleton
11:01:37: Texture: tex.png: Loading 1 faces(PF_R8G8B8,2048x2048x1) with  hardware generated mipmaps from Image. Internal format is PF_X8R8G8B8,2048x2048x1.
11:01:37: WARNING: the mesh '5DTRHand.mesh' includes vertices with more than 4 bone assignments. The lowest weighted assignments beyond this limit have been removed, so your animation may look slightly different. To eliminate this, reduce the number of bone assignments per vertex on your mesh to 4.
11:01:37: Texture: grey7.jpg: Loading 1 faces(PF_R8G8B8,600x600x1) with 5 generated mipmaps from Image. Internal format is PF_X8R8G8B8,600x600x1.
11:01:37: *** Initializing OIS ***
11:01:37: Texture: core_micro_font.PNG: Loading 1 faces(PF_A8R8G8B8,512x128x1) with 0 generated mipmaps from Image. Internal format is PF_A8R8G8B8,512x128x1.
11:01:37: Texture: core.png: Loading 1 faces(PF_A8R8G8B8,1024x256x1) with 0 generated mipmaps from Image. Internal format is PF_A8R8G8B8,1024x256x1.
11:01:38: Texture: core_pointer.png: Loading 1 faces(PF_A8R8G8B8,256x128x1) with 0 generated mipmaps from Image. Internal format is PF_A8R8G8B8,256x128x1.
11:01:38: Texture: core_black_blue.png: Loading 1 faces(PF_A8R8G8B8,1024x256x1) with 0 generated mipmaps from Image. Internal format is PF_A8R8G8B8,1024x256x1.
11:01:38: Texture: SpreadFingers.png: Loading 1 faces(PF_A8R8G8B8,600x200x1) with 0 generated mipmaps from Image. Internal format is PF_A8R8G8B8,600x200x1.
11:01:38: Texture: Fist.png: Loading 1 faces(PF_A8R8G8B8,600x200x1) with 0 generated mipmaps from Image. Internal format is PF_A8R8G8B8,600x200x1.
11:01:38: Texture: OpenHand.png: Loading 1 faces(PF_A8R8G8B8,600x200x1) with 0 generated mipmaps from Image. Internal format is PF_A8R8G8B8,600x200x1.
11:01:38: Texture: FlatHand.png: Loading 1 faces(PF_A8R8G8B8,600x200x1) with 0 generated mipmaps from Image. Internal format is PF_A8R8G8B8,600x200x1.
11:01:38: Texture: GloveRight.png: Loading 1 faces(PF_A8R8G8B8,400x400x1) with 0 generated mipmaps from Image. Internal format is PF_A8R8G8B8,400x400x1.
11:01:38: Texture: spot_shadow_fade.png: Loading 1 faces(PF_R8G8B8,128x128x1) with  hardware generated mipmaps from Image. Internal format is PF_X8R8G8B8,128x128x1.
11:38:08: DefaultWorkQueue('Root') shutting down on thread 00158118.
11:38:08: DefaultWorkQueue('Root')::WorkerFunc - thread 001BCAA8 stopped.
11:38:08: DefaultWorkQueue('Root')::WorkerFunc - thread 001BCAE8 stopped.
11:38:08: *-*-* OGRE Shutdown
11:38:08: Unregistering ResourceManager for type Compositor
11:38:08: Unregistering ResourceManager for type Font
11:38:08: Unregistering ResourceManager for type Skeleton
11:38:08: Unregistering ResourceManager for type Mesh
11:38:08: Unregistering ResourceManager for type HighLevelGpuProgram
11:38:08: Uninstalling plugin: Cg Program Manager
11:38:08: Plugin successfully uninstalled
11:38:08: Unloading library .\Plugin_CgProgramManager.dll
11:38:08: Uninstalling plugin: ParticleFX
11:38:08: Plugin successfully uninstalled
11:38:08: Unloading library .\Plugin_ParticleFX.dll
11:38:08: Uninstalling plugin: GL RenderSystem
11:38:08: *** Stopping Win32GL Subsystem ***
11:38:08: Plugin successfully uninstalled
11:38:08: Unloading library .\RenderSystem_GL.dll
11:38:08: Uninstalling plugin: D3D9 RenderSystem
11:38:08: D3D9 : Shutting down cleanly.
11:38:08: Unregistering ResourceManager for type Texture
11:38:08: Unregistering ResourceManager for type GpuProgram
11:38:08: D3D9 : Direct3D9 Rendering Subsystem destroyed.
11:38:08: Plugin successfully uninstalled
11:38:08: Unloading library .\RenderSystem_Direct3D9.dll
11:38:08: Unregistering ResourceManager for type Material
